<?xml version="1.0" encoding="utf-8"?><testsuites name="pytest tests"><testsuite name="pytest" errors="0" failures="0" skipped="0" tests="18" time="7.144" timestamp="2026-04-09T04:56:06.327868+00:00" hostname="agent-env-5e9a18ed-d67a-4932-9018-c69642acb040"><testcase classname="tests.test_banner_withdrawal.TestBannerAPI" name="test_banner_get_returns_200" time="0.310" /><testcase classname="tests.test_banner_withdrawal.TestBannerAPI" name="test_banner_response_structure" time="0.127" /><testcase classname="tests.test_banner_withdrawal.TestAdminAuth" name="test_admin_login_success" time="0.333" /><testcase classname="tests.test_banner_withdrawal.TestAdminAuth" name="test_admin_login_wrong_password" time="0.332" /><testcase classname="tests.test_banner_withdrawal.TestAdminBannerEndpoints" name="test_admin_update_text_banner" time="0.478" /><testcase classname="tests.test_banner_withdrawal.TestAdminBannerEndpoints" name="test_admin_update_image_banner" time="0.484" /><testcase classname="tests.test_banner_withdrawal.TestAdminBannerEndpoints" name="test_admin_update_combined_banner" time="0.379" /><testcase classname="tests.test_banner_withdrawal.TestAdminBannerEndpoints" name="test_unauthenticated_banner_update_fails" time="0.108" /><testcase classname="tests.test_banner_withdrawal.TestWithdrawalAPI" name="test_withdrawal_requires_auth" time="0.140" /><testcase classname="tests.test_banner_withdrawal.TestWithdrawalAPI" name="test_withdrawal_requires_pin" time="0.367" /><testcase classname="tests.test_banner_withdrawal.TestWithdrawalAPI" name="test_withdrawal_wrong_pin" time="0.626" /><testcase classname="tests.test_banner_withdrawal.TestWithdrawalAPI" name="test_withdrawal_minimum_amount" time="0.590" /><testcase classname="tests.test_banner_withdrawal.TestWithdrawalAPI" name="test_withdrawal_insufficient_balance" time="0.602" /><testcase classname="tests.test_banner_withdrawal.TestAdminWithdrawalsEndpoint" name="test_get_withdrawals_list" time="0.367" /><testcase classname="tests.test_banner_withdrawal.TestAdminWithdrawalsEndpoint" name="test_get_withdrawals_with_status_filter" time="0.428" /><testcase classname="tests.test_banner_withdrawal.TestAdminWithdrawalsEndpoint" name="test_withdrawals_requires_admin" time="0.098" /><testcase classname="tests.test_banner_withdrawal.TestAdminDashboard" name="test_admin_dashboard_access" time="0.402" /><testcase classname="tests.test_banner_withdrawal.TestDashboardStats" name="test_dashboard_stats" time="0.779" /></testsuite></testsuites>